                                      1 ;--------------------------------------------------------
                                      2 ; File Created by SDCC : free open source ANSI-C Compiler
                                      3 ; Version 3.6.0 #9615 (Linux)
                                      4 ;--------------------------------------------------------
                                      5 	.module main
                                      6 	.optsdcc -mstm8
                                      7 	
                                      8 ;--------------------------------------------------------
                                      9 ; Public variables in this module
                                     10 ;--------------------------------------------------------
                                     11 	.globl _main
                                     12 	.globl _main_internal
                                     13 ;--------------------------------------------------------
                                     14 ; ram data
                                     15 ;--------------------------------------------------------
                                     16 	.area DATA
                                     17 ;--------------------------------------------------------
                                     18 ; ram data
                                     19 ;--------------------------------------------------------
                                     20 	.area INITIALIZED
                                     21 ;--------------------------------------------------------
                                     22 ; Stack segment in internal ram 
                                     23 ;--------------------------------------------------------
                                     24 	.area	SSEG
      000000                         25 _fp_:: .ds 2
                                     26 
      000002                         27 __start__stack:
      000002                         28 	.ds	1
                                     29 
                                     30 ;--------------------------------------------------------
                                     31 ; absolute external ram data
                                     32 ;--------------------------------------------------------
                                     33 	.area DABS (ABS)
                                     34 ;--------------------------------------------------------
                                     35 ; interrupt vector 
                                     36 ;--------------------------------------------------------
                                     37 	.area HOME
      000000                         38 __interrupt_vect:
      000000 82v00u00u00             39 	int s_GSINIT ; reset
      000004 82 00 00 00             40 	int 0x0000 ;trap
      000008 82 00 00 00             41 	int 0x0000 ;int0
      00000C 82 00 00 00             42 	int 0x0000 ;int1
      000010 82 00 00 00             43 	int 0x0000 ;int2
      000014 82 00 00 00             44 	int 0x0000 ;int3
      000018 82 00 00 00             45 	int 0x0000 ;int4
      00001C 82 00 00 00             46 	int 0x0000 ;int5
      000020 82 00 00 00             47 	int 0x0000 ;int6
      000024 82 00 00 00             48 	int 0x0000 ;int7
      000028 82 00 00 00             49 	int 0x0000 ;int8
      00002C 82 00 00 00             50 	int 0x0000 ;int9
      000030 82 00 00 00             51 	int 0x0000 ;int10
      000034 82 00 00 00             52 	int 0x0000 ;int11
      000038 82 00 00 00             53 	int 0x0000 ;int12
      00003C 82 00 00 00             54 	int 0x0000 ;int13
      000040 82 00 00 00             55 	int 0x0000 ;int14
      000044 82 00 00 00             56 	int 0x0000 ;int15
      000048 82 00 00 00             57 	int 0x0000 ;int16
      00004C 82 00 00 00             58 	int 0x0000 ;int17
      000050 82 00 00 00             59 	int 0x0000 ;int18
      000054 82 00 00 00             60 	int 0x0000 ;int19
      000058 82 00 00 00             61 	int 0x0000 ;int20
      00005C 82 00 00 00             62 	int 0x0000 ;int21
      000060 82 00 00 00             63 	int 0x0000 ;int22
      000064 82 00 00 00             64 	int 0x0000 ;int23
      000068 82 00 00 00             65 	int 0x0000 ;int24
      00006C 82 00 00 00             66 	int 0x0000 ;int25
      000070 82 00 00 00             67 	int 0x0000 ;int26
      000074 82 00 00 00             68 	int 0x0000 ;int27
      000078 82 00 00 00             69 	int 0x0000 ;int28
      00007C 82 00 00 00             70 	int 0x0000 ;int29
                                     71 ;--------------------------------------------------------
                                     72 ; global & static initialisations
                                     73 ;--------------------------------------------------------
                                     74 	.area HOME
                                     75 	.area GSINIT
                                     76 	.area GSFINAL
                                     77 	.area GSINIT
                                     78 .globl start
      000000                         79 start:
      000000                         80 __sdcc_gs_init_startup:
      000000 AE 07 FF         [ 2]   81 	ldw x, #0x7ff
      000003 96               [ 1]   82 	ldw x, sp
      000004                         83 __sdcc_init_data:
                                     84 ; stm8_genXINIT() start
      000004 AEr00r00         [ 2]   85 	ldw x, #l_DATA
      000007 27 07            [ 1]   86 	jreq	00002$
      000009                         87 00001$:
      000009 72 4FuFFuFF      [ 1]   88 	clr (s_DATA - 1, x)
      00000D 5A               [ 2]   89 	decw x
      00000E 26 F9            [ 1]   90 	jrne	00001$
      000010                         91 00002$:
      000010 AEr00r00         [ 2]   92 	ldw	x, #l_INITIALIZER
      000013 27 09            [ 1]   93 	jreq	00004$
      000015                         94 00003$:
      000015 D6uFFuFF         [ 1]   95 	ld	a, (s_INITIALIZER - 1, x)
      000018 D7uFFuFF         [ 1]   96 	ld	(s_INITIALIZED - 1, x), a
      00001B 5A               [ 2]   97 	decw	x
      00001C 26 F7            [ 1]   98 	jrne	00003$
      00001E                         99 00004$:
                                    100 ; stm8_genXINIT() end
                                    101 	.area GSFINAL
      000000 CCr00r80         [ 2]  102 	jp	__sdcc_program_startup
                                    103 ;--------------------------------------------------------
                                    104 ; Home
                                    105 ;--------------------------------------------------------
                                    106 	.area HOME
                                    107 	.area HOME
      000080                        108 __sdcc_program_startup:
      000080 CCr00r00         [ 2]  109 	jp	_main
                                    110 ;	return from main will return to caller
                                    111 ;--------------------------------------------------------
                                    112 ; code
                                    113 ;--------------------------------------------------------
                                    114 	.area CODE
                                    115 ;	src/main.c: 5: int main(){
                                    116 ;	-----------------------------------------
                                    117 ;	 function main
                                    118 ;	-----------------------------------------
      000000                        119 _main:
      000000                        120 main:
                                    121 	.globl main
                                    122 ;	src/main.c: 6: main_internal();  
      000000 CDr00r00         [ 4]  123 	call	_main_internal
                                    124 ;	src/main.c: 7: return 0;
      000003 5F               [ 1]  125 	clrw	x
                                    126 ;	src/main.c: 8: }
      000004 81               [ 4]  127 	ret
                                    128 	.area CODE
                                    129 	.area INITIALIZER
                                    130 	.area CABS (ABS)
